<?xml version="1.0" encoding="UTF-8"?>
<robot generator="Robot 7.2 (Python 3.12.6 on win32)" generated="2025-01-28T14:38:03.922485" rpa="false" schemaversion="5">
<suite id="s1" name="Basics" source="d:\Testing\basics.robot">
<test id="s1-t1" name="List Contains Test" line="45">
<kw name="Create List" owner="BuiltIn">
<msg time="2025-01-28T14:38:03.966718" level="INFO">${my_list} = ['apple', 'banana', 'cherry']</msg>
<var>${my_list}</var>
<arg>apple</arg>
<arg>banana</arg>
<arg>cherry</arg>
<doc>Returns a list containing given items.</doc>
<status status="PASS" start="2025-01-28T14:38:03.966718" elapsed="0.016658"/>
</kw>
<kw name="List Should Contain Value" owner="Collections">
<arg>${my_list}</arg>
<arg>apple</arg>
<doc>Fails if the ``value`` is not found from ``list``.</doc>
<status status="PASS" start="2025-01-28T14:38:03.983376" elapsed="0.000000"/>
</kw>
<status status="PASS" start="2025-01-28T14:38:03.966718" elapsed="0.016658"/>
</test>
<status status="PASS" start="2025-01-28T14:38:03.936769" elapsed="0.046607"/>
</suite>
<statistics>
<total>
<stat pass="1" fail="0" skip="0">All Tests</stat>
</total>
<tag>
</tag>
<suite>
<stat name="Basics" id="s1" pass="1" fail="0" skip="0">Basics</stat>
</suite>
</statistics>
<errors>
</errors>
</robot>
